<?xml version="1.0" encoding="UTF-8"?>
<!-- Generated by org.testng.reporters.JUnitReportReporter -->
<testsuite hostname="LAPTOP-R6OILEP6" failures="0" tests="2" name="Democlass" time="0.007" errors="0" timestamp="2021-10-28T14:49:41 IST" skipped="0">
  <testcase classname="Democlass" name="postjira" time="0.006"/>
  <system-out/>
  <testcase classname="Democlass" name="tweetme" time="0.001"/>
  <system-out/>
</testsuite> <!-- Democlass -->
